kotlin version: 2.0.21
error message: org.jetbrains.kotlin.backend.common.BackendException: Backend Internal error: Exception during IR lowering
File being compiled: /run/media/fernando/SteamLibrary/projects/InicioGoogle_GarciaFernando/practica10/app/src/main/java/mx/itson/practica10/MainActivity.kt
The root cause java.lang.RuntimeException was thrown at: org.jetbrains.kotlin.backend.jvm.codegen.FunctionCodegen.generate(FunctionCodegen.kt:47)
	at org.jetbrains.kotlin.backend.common.CodegenUtil.reportBackendException(CodegenUtil.kt:253)
	at org.jetbrains.kotlin.backend.common.CodegenUtil.reportBackendException$default(CodegenUtil.kt:236)
	at org.jetbrains.kotlin.backend.common.phaser.PerformByIrFilePhase.invokeSequential(performByIrFile.kt:65)
	at org.jetbrains.kotlin.backend.common.phaser.PerformByIrFilePhase.invoke(performByIrFile.kt:52)
	at org.jetbrains.kotlin.backend.common.phaser.PerformByIrFilePhase.invoke(performByIrFile.kt:38)
	at org.jetbrains.kotlin.backend.common.phaser.NamedCompilerPhase.phaseBody(CompilerPhase.kt:166)
	at org.jetbrains.kotlin.backend.common.phaser.AbstractNamedCompilerPhase.invoke(CompilerPhase.kt:113)
	at org.jetbrains.kotlin.backend.common.phaser.CompositePhase.invoke(PhaseBuilders.kt:27)
	at org.jetbrains.kotlin.backend.common.phaser.CompositePhase.invoke(PhaseBuilders.kt:14)
	at org.jetbrains.kotlin.backend.common.phaser.NamedCompilerPhase.phaseBody(CompilerPhase.kt:166)
	at org.jetbrains.kotlin.backend.common.phaser.AbstractNamedCompilerPhase.invoke(CompilerPhase.kt:113)
	at org.jetbrains.kotlin.backend.common.phaser.CompilerPhaseKt.invokeToplevel(CompilerPhase.kt:62)
	at org.jetbrains.kotlin.backend.jvm.JvmIrCodegenFactory.invokeCodegen(JvmIrCodegenFactory.kt:371)
	at org.jetbrains.kotlin.codegen.CodegenFactory.generateModule(CodegenFactory.kt:47)
	at org.jetbrains.kotlin.backend.jvm.JvmIrCodegenFactory.generateModuleInFrontendIRMode(JvmIrCodegenFactory.kt:433)
	at org.jetbrains.kotlin.cli.jvm.compiler.pipeline.JvmCompilerPipelineKt.generateCodeFromIr(jvmCompilerPipeline.kt:246)
	at org.jetbrains.kotlin.cli.jvm.compiler.pipeline.JvmCompilerPipelineKt.compileModulesUsingFrontendIrAndLightTree(jvmCompilerPipeline.kt:142)
	at org.jetbrains.kotlin.cli.jvm.K2JVMCompiler.doExecute(K2JVMCompiler.kt:148)
	at org.jetbrains.kotlin.cli.jvm.K2JVMCompiler.doExecute(K2JVMCompiler.kt:43)
	at org.jetbrains.kotlin.cli.common.CLICompiler.execImpl(CLICompiler.kt:103)
	at org.jetbrains.kotlin.cli.common.CLICompiler.execImpl(CLICompiler.kt:49)
	at org.jetbrains.kotlin.cli.common.CLITool.exec(CLITool.kt:101)
	at org.jetbrains.kotlin.incremental.IncrementalJvmCompilerRunner.runCompiler(IncrementalJvmCompilerRunner.kt:464)
	at org.jetbrains.kotlin.incremental.IncrementalJvmCompilerRunner.runCompiler(IncrementalJvmCompilerRunner.kt:73)
	at org.jetbrains.kotlin.incremental.IncrementalCompilerRunner.doCompile(IncrementalCompilerRunner.kt:506)
	at org.jetbrains.kotlin.incremental.IncrementalCompilerRunner.compileImpl(IncrementalCompilerRunner.kt:423)
	at org.jetbrains.kotlin.incremental.IncrementalCompilerRunner.compileNonIncrementally(IncrementalCompilerRunner.kt:301)
	at org.jetbrains.kotlin.incremental.IncrementalCompilerRunner.compile(IncrementalCompilerRunner.kt:129)
	at org.jetbrains.kotlin.daemon.CompileServiceImplBase.execIncrementalCompiler(CompileServiceImpl.kt:675)
	at org.jetbrains.kotlin.daemon.CompileServiceImplBase.access$execIncrementalCompiler(CompileServiceImpl.kt:92)
	at org.jetbrains.kotlin.daemon.CompileServiceImpl.compile(CompileServiceImpl.kt:1660)
	at java.base/jdk.internal.reflect.DirectMethodHandleAccessor.invoke(Unknown Source)
	at java.base/java.lang.reflect.Method.invoke(Unknown Source)
	at java.rmi/sun.rmi.server.UnicastServerRef.dispatch(Unknown Source)
	at java.rmi/sun.rmi.transport.Transport$1.run(Unknown Source)
	at java.rmi/sun.rmi.transport.Transport$1.run(Unknown Source)
	at java.base/java.security.AccessController.doPrivileged(Unknown Source)
	at java.rmi/sun.rmi.transport.Transport.serviceCall(Unknown Source)
	at java.rmi/sun.rmi.transport.tcp.TCPTransport.handleMessages(Unknown Source)
	at java.rmi/sun.rmi.transport.tcp.TCPTransport$ConnectionHandler.run0(Unknown Source)
	at java.rmi/sun.rmi.transport.tcp.TCPTransport$ConnectionHandler.lambda$run$0(Unknown Source)
	at java.base/java.security.AccessController.doPrivileged(Unknown Source)
	at java.rmi/sun.rmi.transport.tcp.TCPTransport$ConnectionHandler.run(Unknown Source)
	at java.base/java.util.concurrent.ThreadPoolExecutor.runWorker(Unknown Source)
	at java.base/java.util.concurrent.ThreadPoolExecutor$Worker.run(Unknown Source)
	at java.base/java.lang.Thread.run(Unknown Source)
Caused by: java.lang.RuntimeException: Exception while generating code for:
FUN name:loginGoogle visibility:public modality:FINAL <> ($this:mx.itson.practica10.MainActivity) returnType:kotlin.Unit
  annotations:
    SuppressLint(value = ["CoroutineCreationDuringComposition"])
  $this: VALUE_PARAMETER name:<this> type:mx.itson.practica10.MainActivity
  BLOCK_BODY
    VAR name:context type:android.content.Context [val]
      CALL 'public final fun <get-current> (): T of androidx.compose.runtime.CompositionLocal [inline] declared in androidx.compose.runtime.CompositionLocal' type=android.content.Context origin=GET_PROPERTY
        $this: TYPE_OP type=androidx.compose.runtime.CompositionLocal<T of androidx.compose.runtime.CompositionLocal> origin=IMPLICIT_CAST typeOperand=androidx.compose.runtime.CompositionLocal<T of androidx.compose.runtime.CompositionLocal>
          CALL 'public final fun <get-LocalContext> (): androidx.compose.runtime.ProvidableCompositionLocal<android.content.Context> declared in androidx.compose.ui.platform.AndroidCompositionLocals_androidKt' type=androidx.compose.runtime.ProvidableCompositionLocal<android.content.Context> origin=GET_PROPERTY
    VAR name:coroutineScope type:kotlinx.coroutines.CoroutineScope [val]
      CALL 'public final fun rememberCoroutineScope$default (getContext: @[DisallowComposableCalls] kotlin.Function0<kotlin.coroutines.CoroutineContext>?, $mask0: kotlin.Int, $handler: kotlin.Any?): kotlinx.coroutines.CoroutineScope [inline] declared in androidx.compose.runtime.EffectsKt' type=kotlinx.coroutines.CoroutineScope origin=DEFAULT_DISPATCH_CALL
        getContext: COMPOSITE type=@[DisallowComposableCalls] kotlin.Function0<kotlin.coroutines.CoroutineContext>? origin=DEFAULT_VALUE
          CONST Null type=@[DisallowComposableCalls] kotlin.Function0<kotlin.coroutines.CoroutineContext>? value=null
        $mask0: CONST Int type=kotlin.Int value=1
        $handler: CONST Null type=kotlin.Any? value=null
    VAR name:credentialManager type:androidx.credentials.CredentialManager [val]
      CALL 'public final fun create (context: android.content.Context): androidx.credentials.CredentialManager declared in androidx.credentials.CredentialManager.Companion' type=androidx.credentials.CredentialManager origin=null
        $this: GET_FIELD 'FIELD FIELD_FOR_OBJECT_INSTANCE name:Companion type:androidx.credentials.CredentialManager.Companion visibility:public [final,static] declared in androidx.credentials.CredentialManager' type=androidx.credentials.CredentialManager.Companion origin=null
        context: GET_VAR 'val context: android.content.Context [val] declared in mx.itson.practica10.MainActivity.loginGoogle' type=android.content.Context origin=null
    VAR name:signInWithGoogleOption type:com.google.android.libraries.identity.googleid.GetSignInWithGoogleOption [val]
      CALL 'public final fun build (): com.google.android.libraries.identity.googleid.GetSignInWithGoogleOption declared in com.google.android.libraries.identity.googleid.GetSignInWithGoogleOption.Builder' type=com.google.android.libraries.identity.googleid.GetSignInWithGoogleOption origin=null
        $this: CALL 'public final fun setNonce (nonce: kotlin.String?): com.google.android.libraries.identity.googleid.GetSignInWithGoogleOption.Builder declared in com.google.android.libraries.identity.googleid.GetSignInWithGoogleOption.Builder' type=com.google.android.libraries.identity.googleid.GetSignInWithGoogleOption.Builder origin=null
          $this: CONSTRUCTOR_CALL 'public constructor <init> (serverClientId: kotlin.String) [primary] declared in com.google.android.libraries.identity.googleid.GetSignInWithGoogleOption.Builder' type=com.google.android.libraries.identity.googleid.GetSignInWithGoogleOption.Builder origin=null
            serverClientId: BLOCK type=kotlin.String origin=null
              VAR IR_TEMPORARY_VARIABLE name:tmp0 type:kotlin.Any? [val]
                CALL 'public final fun getString (p0: kotlin.Int): @[EnhancedNullability] kotlin.String [fake_override] declared in mx.itson.practica10.MainActivity' type=@[EnhancedNullability] kotlin.String origin=null
                  $this: GET_VAR '<this>: mx.itson.practica10.MainActivity declared in mx.itson.practica10.MainActivity.loginGoogle' type=mx.itson.practica10.MainActivity origin=null
                  p0: GET_FIELD 'FIELD IR_EXTERNAL_JAVA_DECLARATION_STUB name:web_cliente type:kotlin.Int visibility:public [static] declared in mx.itson.practica10.R.string' type=kotlin.Int superQualifierSymbol=mx.itson.practica10.R.string origin=null
              CALL 'public final fun checkNotNullExpressionValue (value: kotlin.Any?, expression: kotlin.String): kotlin.Unit declared in kotlin.jvm.internal.Intrinsics' type=kotlin.Unit origin=null
                value: GET_VAR 'val tmp0: kotlin.Any? [val] declared in mx.itson.practica10.MainActivity.loginGoogle' type=kotlin.Any? origin=null
                expression: CONST String type=kotlin.String value="getString(...)"
              GET_VAR 'val tmp0: kotlin.Any? [val] declared in mx.itson.practica10.MainActivity.loginGoogle' type=kotlin.Any? origin=null
          nonce: CONST String type=kotlin.String value="nonce"
    VAR name:request type:androidx.credentials.GetCredentialRequest [val]
      CALL 'public final fun build (): androidx.credentials.GetCredentialRequest declared in androidx.credentials.GetCredentialRequest.Builder' type=androidx.credentials.GetCredentialRequest origin=null
        $this: CALL 'public final fun addCredentialOption (credentialOption: androidx.credentials.CredentialOption): androidx.credentials.GetCredentialRequest.Builder declared in androidx.credentials.GetCredentialRequest.Builder' type=androidx.credentials.GetCredentialRequest.Builder origin=null
          $this: CONSTRUCTOR_CALL 'public constructor <init> () [primary] declared in androidx.credentials.GetCredentialRequest.Builder' type=androidx.credentials.GetCredentialRequest.Builder origin=null
          credentialOption: GET_VAR 'val signInWithGoogleOption: com.google.android.libraries.identity.googleid.GetSignInWithGoogleOption [val] declared in mx.itson.practica10.MainActivity.loginGoogle' type=com.google.android.libraries.identity.googleid.GetSignInWithGoogleOption origin=null
    COMPOSITE type=kotlin.Unit origin=null
      CALL 'public final fun launch$default (context: kotlin.coroutines.CoroutineContext?, start: kotlinx.coroutines.CoroutineStart?, block: @[ExtensionFunctionType] kotlin.coroutines.SuspendFunction1<kotlinx.coroutines.CoroutineScope, kotlin.Unit>, $mask0: kotlin.Int, $handler: kotlin.Any?): kotlinx.coroutines.Job declared in kotlinx.coroutines.BuildersKt' type=kotlinx.coroutines.Job origin=DEFAULT_DISPATCH_CALL
        $receiver: GET_VAR 'val coroutineScope: kotlinx.coroutines.CoroutineScope [val] declared in mx.itson.practica10.MainActivity.loginGoogle' type=kotlinx.coroutines.CoroutineScope origin=null
        context: COMPOSITE type=kotlin.coroutines.CoroutineContext? origin=DEFAULT_VALUE
          CONST Null type=kotlin.coroutines.CoroutineContext? value=null
        start: COMPOSITE type=kotlinx.coroutines.CoroutineStart? origin=DEFAULT_VALUE
          CONST Null type=kotlinx.coroutines.CoroutineStart? value=null
        block: BLOCK type=mx.itson.practica10.MainActivity.loginGoogle.<no name provided> origin=null
          CLASS SUSPEND_LAMBDA CLASS name:<no name provided> modality:FINAL visibility:public/*package*/ superTypes:[kotlin.coroutines.jvm.internal.SuspendLambda; kotlin.jvm.functions.Function2<kotlinx.coroutines.CoroutineScope, kotlin.coroutines.Continuation<kotlin.Unit>?, kotlin.Any?>]
            $this: VALUE_PARAMETER INSTANCE_RECEIVER name:<this> type:mx.itson.practica10.MainActivity.loginGoogle.<no name provided>
            FIELD name:label type:kotlin.Int visibility:public/*package*/
            CONSTRUCTOR SUSPEND_LAMBDA visibility:public/*package*/ <> ($credentialManager:androidx.credentials.CredentialManager, $context:android.content.Context, $request:androidx.credentials.GetCredentialRequest, this$0:mx.itson.practica10.MainActivity, $completion:kotlin.coroutines.Continuation<mx.itson.practica10.MainActivity.loginGoogle.<no name provided>>?) returnType:mx.itson.practica10.MainActivity.loginGoogle.<no name provided> [primary]
              VALUE_PARAMETER BOUND_VALUE_PARAMETER name:$credentialManager index:0 type:androidx.credentials.CredentialManager
              VALUE_PARAMETER BOUND_VALUE_PARAMETER name:$context index:1 type:android.content.Context
              VALUE_PARAMETER BOUND_VALUE_PARAMETER name:$request index:2 type:androidx.credentials.GetCredentialRequest
              VALUE_PARAMETER BOUND_RECEIVER_PARAMETER name:this$0 index:3 type:mx.itson.practica10.MainActivity
              VALUE_PARAMETER name:$completion index:4 type:kotlin.coroutines.Continuation<mx.itson.practica10.MainActivity.loginGoogle.<no name provided>>?
              BLOCK_BODY
                SET_FIELD 'FIELD FIELD_FOR_CAPTURED_VALUE name:$credentialManager type:androidx.credentials.CredentialManager visibility:public/*package*/ [final] declared in mx.itson.practica10.MainActivity.loginGoogle.<no name provided>' type=kotlin.Unit origin=INITIALIZER_OF_FIELD_FOR_CAPTURED_VALUE
                  receiver: GET_VAR '<this>: mx.itson.practica10.MainActivity.loginGoogle.<no name provided> declared in mx.itson.practica10.MainActivity.loginGoogle.<no name provided>' type=mx.itson.practica10.MainActivity.loginGoogle.<no name provided> origin=null
                  value: GET_VAR '$credentialManager: androidx.credentials.CredentialManager declared in mx.itson.practica10.MainActivity.loginGoogle.<no name provided>.<init>' type=androidx.credentials.CredentialManager origin=null
                SET_FIELD 'FIELD FIELD_FOR_CAPTURED_VALUE name:$context type:android.content.Context visibility:public/*package*/ [final] declared in mx.itson.practica10.MainActivity.loginGoogle.<no name provided>' type=kotlin.Unit origin=INITIALIZER_OF_FIELD_FOR_CAPTURED_VALUE
                  receiver: GET_VAR '<this>: mx.itson.practica10.MainActivity.loginGoogle.<no name provided> declared in mx.itson.practica10.MainActivity.loginGoogle.<no name provided>' type=mx.itson.practica10.MainActivity.loginGoogle.<no name provided> origin=null
                  value: GET_VAR '$context: android.content.Context declared in mx.itson.practica10.MainActivity.loginGoogle.<no name provided>.<init>' type=android.content.Context origin=null
                SET_FIELD 'FIELD FIELD_FOR_CAPTURED_VALUE name:$request type:androidx.credentials.GetCredentialRequest visibility:public/*package*/ [final] declared in mx.itson.practica10.MainActivity.loginGoogle.<no name provided>' type=kotlin.Unit origin=INITIALIZER_OF_FIELD_FOR_CAPTURED_VALUE
                  receiver: GET_VAR '<this>: mx.itson.practica10.MainActivity.loginGoogle.<no name provided> declared in mx.itson.practica10.MainActivity.loginGoogle.<no name provided>' type=mx.itson.practica10.MainActivity.loginGoogle.<no name provided> origin=null
                  value: GET_VAR '$request: androidx.credentials.GetCredentialRequest declared in mx.itson.practica10.MainActivity.loginGoogle.<no name provided>.<init>' type=androidx.credentials.GetCredentialRequest origin=null
                SET_FIELD 'FIELD FIELD_FOR_CAPTURED_VALUE name:this$0 type:mx.itson.practica10.MainActivity visibility:public/*package*/ [final] declared in mx.itson.practica10.MainActivity.loginGoogle.<no name provided>' type=kotlin.Unit origin=INITIALIZER_OF_FIELD_FOR_CAPTURED_VALUE
                  receiver: GET_VAR '<this>: mx.itson.practica10.MainActivity.loginGoogle.<no name provided> declared in mx.itson.practica10.MainActivity.loginGoogle.<no name provided>' type=mx.itson.practica10.MainActivity.loginGoogle.<no name provided> origin=null
                  value: GET_VAR 'this$0: mx.itson.practica10.MainActivity declared in mx.itson.practica10.MainActivity.loginGoogle.<no name provided>.<init>' type=mx.itson.practica10.MainActivity origin=null
                DELEGATING_CONSTRUCTOR_CALL 'public constructor <init> (arity: kotlin.Int, $completion: kotlin.coroutines.Continuation<kotlin.Any?>?) declared in kotlin.coroutines.jvm.internal.SuspendLambda'
                  arity: CONST Int type=kotlin.Int value=2
                  $completion: GET_VAR '$completion: kotlin.coroutines.Continuation<mx.itson.practica10.MainActivity.loginGoogle.<no name provided>>? declared in mx.itson.practica10.MainActivity.loginGoogle.<no name provided>.<init>' type=kotlin.coroutines.Continuation<mx.itson.practica10.MainActivity.loginGoogle.<no name provided>>? origin=null
                BLOCK type=kotlin.Unit origin=null
            FUN name:invokeSuspend visibility:public modality:FINAL <> ($this:mx.itson.practica10.MainActivity.loginGoogle.<no name provided>, $result:kotlin.Result<kotlin.Any?>) returnType:kotlin.Any?
              overridden:
                protected abstract fun invokeSuspend ($result: kotlin.Result<kotlin.Any?>): kotlin.Any? declared in kotlin.coroutines.jvm.internal.SuspendLambda
              $this: VALUE_PARAMETER INSTANCE_RECEIVER name:<this> type:mx.itson.practica10.MainActivity.loginGoogle.<no name provided>
              VALUE_PARAMETER name:$result index:0 type:kotlin.Result<kotlin.Any?>
              BLOCK_BODY
                TRY type=kotlin.Unit
                  try: BLOCK type=kotlin.Unit origin=null
                    VAR name:result type:androidx.credentials.GetCredentialResponse [val]
                      CALL 'public open fun getCredential (context: android.content.Context, request: androidx.credentials.GetCredentialRequest, $completion: kotlin.coroutines.Continuation<androidx.credentials.GetCredentialResponse>): kotlin.Any? [suspend] declared in androidx.credentials.CredentialManager' type=androidx.credentials.GetCredentialResponse origin=null
                        $this: GET_FIELD 'FIELD FIELD_FOR_CAPTURED_VALUE name:$credentialManager type:androidx.credentials.CredentialManager visibility:public/*package*/ [final] declared in mx.itson.practica10.MainActivity.loginGoogle.<no name provided>' type=androidx.credentials.CredentialManager origin=null
                          receiver: GET_VAR '<this>: mx.itson.practica10.MainActivity.loginGoogle.<no name provided> declared in mx.itson.practica10.MainActivity.loginGoogle.<no name provided>.invokeSuspend' type=mx.itson.practica10.MainActivity.loginGoogle.<no name provided> origin=null
                        context: GET_FIELD 'FIELD FIELD_FOR_CAPTURED_VALUE name:$context type:android.content.Context visibility:public/*package*/ [final] declared in mx.itson.practica10.MainActivity.loginGoogle.<no name provided>' type=android.content.Context origin=null
                          receiver: GET_VAR '<this>: mx.itson.practica10.MainActivity.loginGoogle.<no name provided> declared in mx.itson.practica10.MainActivity.loginGoogle.<no name provided>.invokeSuspend' type=mx.itson.practica10.MainActivity.loginGoogle.<no name provided> origin=null
                        request: GET_FIELD 'FIELD FIELD_FOR_CAPTURED_VALUE name:$request type:androidx.credentials.GetCredentialRequest visibility:public/*package*/ [final] declared in mx.itson.practica10.MainActivity.loginGoogle.<no name provided>' type=androidx.credentials.GetCredentialRequest origin=null
                          receiver: GET_VAR '<this>: mx.itson.practica10.MainActivity.loginGoogle.<no name provided> declared in mx.itson.practica10.MainActivity.loginGoogle.<no name provided>.invokeSuspend' type=mx.itson.practica10.MainActivity.loginGoogle.<no name provided> origin=null
                        $completion: GET_VAR '<this>: mx.itson.practica10.MainActivity.loginGoogle.<no name provided> declared in mx.itson.practica10.MainActivity.loginGoogle.<no name provided>.invokeSuspend' type=mx.itson.practica10.MainActivity.loginGoogle.<no name provided> origin=null
                    CALL 'public final fun handleSignIn (result: androidx.credentials.GetCredentialResponse): kotlin.Unit declared in mx.itson.practica10.MainActivity' type=kotlin.Unit origin=null
                      $this: GET_FIELD 'FIELD FIELD_FOR_CAPTURED_VALUE name:this$0 type:mx.itson.practica10.MainActivity visibility:public/*package*/ [final] declared in mx.itson.practica10.MainActivity.loginGoogle.<no name provided>' type=mx.itson.practica10.MainActivity origin=null
                        receiver: GET_VAR '<this>: mx.itson.practica10.MainActivity.loginGoogle.<no name provided> declared in mx.itson.practica10.MainActivity.loginGoogle.<no name provided>.invokeSuspend' type=mx.itson.practica10.MainActivity.loginGoogle.<no name provided> origin=null
                      result: GET_VAR 'val result: androidx.credentials.GetCredentialResponse [val] declared in mx.itson.practica10.MainActivity.loginGoogle.<no name provided>.invokeSuspend' type=androidx.credentials.GetCredentialResponse origin=null
                  CATCH parameter=val e: androidx.credentials.exceptions.GetCredentialException [val] declared in mx.itson.practica10.MainActivity.loginGoogle.<no name provided>.invokeSuspend
                    VAR CATCH_PARAMETER name:e type:androidx.credentials.exceptions.GetCredentialException [val]
                    BLOCK type=kotlin.Unit origin=null
                      CALL 'public open fun show (): kotlin.Unit declared in android.widget.Toast' type=kotlin.Unit origin=null
                        $this: CALL 'public open fun makeText (p0: @[FlexibleNullability] android.content.Context?, p1: @[FlexibleNullability] kotlin.CharSequence?, p2: kotlin.Int): @[FlexibleNullability] android.widget.Toast? declared in android.widget.Toast' type=@[FlexibleNullability] android.widget.Toast? origin=null
                          p0: CALL 'public open fun getApplicationContext (): @[FlexibleNullability] android.content.Context? [fake_override] declared in mx.itson.practica10.MainActivity' type=@[FlexibleNullability] android.content.Context? origin=GET_PROPERTY
                            $this: GET_FIELD 'FIELD FIELD_FOR_CAPTURED_VALUE name:this$0 type:mx.itson.practica10.MainActivity visibility:public/*package*/ [final] declared in mx.itson.practica10.MainActivity.loginGoogle.<no name provided>' type=mx.itson.practica10.MainActivity origin=null
                              receiver: GET_VAR '<this>: mx.itson.practica10.MainActivity.loginGoogle.<no name provided> declared in mx.itson.practica10.MainActivity.loginGoogle.<no name provided>.invokeSuspend' type=mx.itson.practica10.MainActivity.loginGoogle.<no name provided> origin=null
                          p1: STRING_CONCATENATION type=kotlin.String
                            CONST String type=kotlin.String value="Error al obtener la credencias "
                            GET_VAR 'val e: androidx.credentials.exceptions.GetCredentialException [val] declared in mx.itson.practica10.MainActivity.loginGoogle.<no name provided>.invokeSuspend' type=androidx.credentials.exceptions.GetCredentialException origin=null
                          p2: CONST Int type=kotlin.Int value=1
            FUN name:create visibility:public modality:FINAL <> ($this:mx.itson.practica10.MainActivity.loginGoogle.<no name provided>, value:kotlin.Any?, $completion:kotlin.coroutines.Continuation<kotlin.Nothing>) returnType:kotlin.coroutines.Continuation<kotlin.Unit>
              overridden:
                public open fun create (value: kotlin.Any?, $completion: kotlin.coroutines.Continuation<kotlin.Nothing>): kotlin.coroutines.Continuation<kotlin.Unit> declared in kotlin.coroutines.jvm.internal.SuspendLambda
              $this: VALUE_PARAMETER INSTANCE_RECEIVER name:<this> type:mx.itson.practica10.MainActivity.loginGoogle.<no name provided>
              VALUE_PARAMETER name:value index:0 type:kotlin.Any?
              VALUE_PARAMETER name:$completion index:1 type:kotlin.coroutines.Continuation<kotlin.Nothing>
              BLOCK_BODY
                RETURN type=kotlin.Nothing from='public final fun create (value: kotlin.Any?, $completion: kotlin.coroutines.Continuation<kotlin.Nothing>): kotlin.coroutines.Continuation<kotlin.Unit> declared in mx.itson.practica10.MainActivity.loginGoogle.<no name provided>'
                  CONSTRUCTOR_CALL 'public/*package*/ constructor <init> ($credentialManager: androidx.credentials.CredentialManager, $context: android.content.Context, $request: androidx.credentials.GetCredentialRequest, this$0: mx.itson.practica10.MainActivity, $completion: kotlin.coroutines.Continuation<mx.itson.practica10.MainActivity.loginGoogle.<no name provided>>?) [primary] declared in mx.itson.practica10.MainActivity.loginGoogle.<no name provided>' type=mx.itson.practica10.MainActivity.loginGoogle.<no name provided> origin=null
                    $credentialManager: GET_FIELD 'FIELD FIELD_FOR_CAPTURED_VALUE name:$credentialManager type:androidx.credentials.CredentialManager visibility:public/*package*/ [final] declared in mx.itson.practica10.MainActivity.loginGoogle.<no name provided>' type=androidx.credentials.CredentialManager origin=null
                      receiver: GET_VAR '<this>: mx.itson.practica10.MainActivity.loginGoogle.<no name provided> declared in mx.itson.practica10.MainActivity.loginGoogle.<no name provided>.create' type=mx.itson.practica10.MainActivity.loginGoogle.<no name provided> origin=null
                    $context: GET_FIELD 'FIELD FIELD_FOR_CAPTURED_VALUE name:$context type:android.content.Context visibility:public/*package*/ [final] declared in mx.itson.practica10.MainActivity.loginGoogle.<no name provided>' type=android.content.Context origin=null
                      receiver: GET_VAR '<this>: mx.itson.practica10.MainActivity.loginGoogle.<no name provided> declared in mx.itson.practica10.MainActivity.loginGoogle.<no name provided>.create' type=mx.itson.practica10.MainActivity.loginGoogle.<no name provided> origin=null
                    $request: GET_FIELD 'FIELD FIELD_FOR_CAPTURED_VALUE name:$request type:androidx.credentials.GetCredentialRequest visibility:public/*package*/ [final] declared in mx.itson.practica10.MainActivity.loginGoogle.<no name provided>' type=androidx.credentials.GetCredentialRequest origin=null
                      receiver: GET_VAR '<this>: mx.itson.practica10.MainActivity.loginGoogle.<no name provided> declared in mx.itson.practica10.MainActivity.loginGoogle.<no name provided>.create' type=mx.itson.practica10.MainActivity.loginGoogle.<no name provided> origin=null
                    this$0: GET_FIELD 'FIELD FIELD_FOR_CAPTURED_VALUE name:this$0 type:mx.itson.practica10.MainActivity visibility:public/*package*/ [final] declared in mx.itson.practica10.MainActivity.loginGoogle.<no name provided>' type=mx.itson.practica10.MainActivity origin=null
                      receiver: GET_VAR '<this>: mx.itson.practica10.MainActivity.loginGoogle.<no name provided> declared in mx.itson.practica10.MainActivity.loginGoogle.<no name provided>.create' type=mx.itson.practica10.MainActivity.loginGoogle.<no name provided> origin=null
                    $completion: GET_VAR '$completion: kotlin.coroutines.Continuation<kotlin.Nothing> declared in mx.itson.practica10.MainActivity.loginGoogle.<no name provided>.create' type=kotlin.coroutines.Continuation<kotlin.Nothing> origin=null
            FUN name:invoke visibility:public modality:FINAL <> ($this:mx.itson.practica10.MainActivity.loginGoogle.<no name provided>, p1:kotlinx.coroutines.CoroutineScope, p2:kotlin.coroutines.Continuation<kotlin.Unit>?) returnType:kotlin.Any?
              overridden:
                public abstract fun invoke (p1: P1 of kotlin.jvm.functions.Function2, p2: P2 of kotlin.jvm.functions.Function2): R of kotlin.jvm.functions.Function2 declared in kotlin.jvm.functions.Function2
              $this: VALUE_PARAMETER INSTANCE_RECEIVER name:<this> type:mx.itson.practica10.MainActivity.loginGoogle.<no name provided>
              VALUE_PARAMETER name:p1 index:0 type:kotlinx.coroutines.CoroutineScope
              VALUE_PARAMETER name:p2 index:1 type:kotlin.coroutines.Continuation<kotlin.Unit>?
              BLOCK_BODY
                RETURN type=kotlin.Nothing from='public final fun invoke (p1: kotlinx.coroutines.CoroutineScope, p2: kotlin.coroutines.Continuation<kotlin.Unit>?): kotlin.Any? declared in mx.itson.practica10.MainActivity.loginGoogle.<no name provided>'
                  CALL 'public final fun invokeSuspend ($result: kotlin.Result<kotlin.Any?>): kotlin.Any? declared in mx.itson.practica10.MainActivity.loginGoogle.<no name provided>' type=kotlin.Any? origin=null
                    $this: TYPE_OP type=mx.itson.practica10.MainActivity.loginGoogle.<no name provided> origin=IMPLICIT_CAST typeOperand=mx.itson.practica10.MainActivity.loginGoogle.<no name provided>
                      CALL 'public final fun create (value: kotlin.Any?, $completion: kotlin.coroutines.Continuation<kotlin.Nothing>): kotlin.coroutines.Continuation<kotlin.Unit> declared in mx.itson.practica10.MainActivity.loginGoogle.<no name provided>' type=kotlin.coroutines.Continuation<kotlin.Unit> origin=null
                        $this: GET_VAR '<this>: mx.itson.practica10.MainActivity.loginGoogle.<no name provided> declared in mx.itson.practica10.MainActivity.loginGoogle.<no name provided>.invoke' type=mx.itson.practica10.MainActivity.loginGoogle.<no name provided> origin=null
                        value: GET_VAR 'p1: kotlinx.coroutines.CoroutineScope declared in mx.itson.practica10.MainActivity.loginGoogle.<no name provided>.invoke' type=kotlinx.coroutines.CoroutineScope origin=null
                        $completion: GET_VAR 'p2: kotlin.coroutines.Continuation<kotlin.Unit>? declared in mx.itson.practica10.MainActivity.loginGoogle.<no name provided>.invoke' type=kotlin.coroutines.Continuation<kotlin.Unit>? origin=null
                    $result: CALL 'public final fun <unsafe-coerce> <T, R> (v: T of kotlin.jvm.internal.<unsafe-coerce>): R of kotlin.jvm.internal.<unsafe-coerce> declared in kotlin.jvm.internal' type=kotlin.Result<kotlin.Any?> origin=null
                      <T>: kotlin.Any?
                      <R>: kotlin.Result<kotlin.Any?>
                      v: GET_FIELD 'FIELD FIELD_FOR_OBJECT_INSTANCE name:INSTANCE type:kotlin.Unit visibility:public [final,static] declared in kotlin.Unit' type=kotlin.Unit origin=null
            FIELD FIELD_FOR_CAPTURED_VALUE name:$credentialManager type:androidx.credentials.CredentialManager visibility:public/*package*/ [final]
            FIELD FIELD_FOR_CAPTURED_VALUE name:$context type:android.content.Context visibility:public/*package*/ [final]
            FIELD FIELD_FOR_CAPTURED_VALUE name:$request type:androidx.credentials.GetCredentialRequest visibility:public/*package*/ [final]
            FIELD FIELD_FOR_CAPTURED_VALUE name:this$0 type:mx.itson.practica10.MainActivity visibility:public/*package*/ [final]
            FUN BRIDGE name:invoke visibility:public modality:OPEN <> ($this:mx.itson.practica10.MainActivity.loginGoogle.<no name provided>, p1:kotlin.Any?, p2:kotlin.Any?) returnType:kotlin.Any?
              $this: VALUE_PARAMETER INSTANCE_RECEIVER name:<this> type:mx.itson.practica10.MainActivity.loginGoogle.<no name provided>
              VALUE_PARAMETER BRIDGE name:p1 index:0 type:kotlin.Any?
              VALUE_PARAMETER BRIDGE name:p2 index:1 type:kotlin.Any?
              EXPRESSION_BODY
                RETURN type=kotlin.Nothing from='public open fun invoke (p1: kotlin.Any?, p2: kotlin.Any?): kotlin.Any? declared in mx.itson.practica10.MainActivity.loginGoogle.<no name provided>'
                  CALL 'public final fun invoke (p1: kotlinx.coroutines.CoroutineScope, p2: kotlin.coroutines.Continuation<kotlin.Unit>?): kotlin.Any? declared in mx.itson.practica10.MainActivity.loginGoogle.<no name provided>' type=kotlin.Any? origin=BRIDGE_DELEGATION
                    $this: GET_VAR '<this>: mx.itson.practica10.MainActivity.loginGoogle.<no name provided> declared in mx.itson.practica10.MainActivity.loginGoogle.<no name provided>.invoke' type=mx.itson.practica10.MainActivity.loginGoogle.<no name provided> origin=null
                    p1: TYPE_OP type=kotlinx.coroutines.CoroutineScope origin=IMPLICIT_CAST typeOperand=kotlinx.coroutines.CoroutineScope
                      GET_VAR 'p1: kotlin.Any? declared in mx.itson.practica10.MainActivity.loginGoogle.<no name provided>.invoke' type=kotlin.Any? origin=null
                    p2: TYPE_OP type=kotlin.coroutines.Continuation<*> origin=IMPLICIT_CAST typeOperand=kotlin.coroutines.Continuation<*>
                      GET_VAR 'p2: kotlin.Any? declared in mx.itson.practica10.MainActivity.loginGoogle.<no name provided>.invoke' type=kotlin.Any? origin=null
          CONSTRUCTOR_CALL 'public/*package*/ constructor <init> ($credentialManager: androidx.credentials.CredentialManager, $context: android.content.Context, $request: androidx.credentials.GetCredentialRequest, this$0: mx.itson.practica10.MainActivity, $completion: kotlin.coroutines.Continuation<mx.itson.practica10.MainActivity.loginGoogle.<no name provided>>?) [primary] declared in mx.itson.practica10.MainActivity.loginGoogle.<no name provided>' type=mx.itson.practica10.MainActivity.loginGoogle.<no name provided> origin=null
            $credentialManager: GET_VAR 'val credentialManager: androidx.credentials.CredentialManager [val] declared in mx.itson.practica10.MainActivity.loginGoogle' type=androidx.credentials.CredentialManager origin=null
            $context: GET_VAR 'val context: android.content.Context [val] declared in mx.itson.practica10.MainActivity.loginGoogle' type=android.content.Context origin=null
            $request: GET_VAR 'val request: androidx.credentials.GetCredentialRequest [val] declared in mx.itson.practica10.MainActivity.loginGoogle' type=androidx.credentials.GetCredentialRequest origin=null
            this$0: GET_VAR '<this>: mx.itson.practica10.MainActivity declared in mx.itson.practica10.MainActivity.loginGoogle' type=mx.itson.practica10.MainActivity origin=null
            $completion: CONST Null type=kotlin.Nothing? value=null
        $mask0: CONST Int type=kotlin.Int value=3
        $handler: CONST Null type=kotlin.Any? value=null
      COMPOSITE type=kotlin.Unit origin=null

	at org.jetbrains.kotlin.backend.jvm.codegen.FunctionCodegen.generate(FunctionCodegen.kt:47)
	at org.jetbrains.kotlin.backend.jvm.codegen.FunctionCodegen.generate$default(FunctionCodegen.kt:40)
	at org.jetbrains.kotlin.backend.jvm.codegen.ClassCodegen.generateMethodNode(ClassCodegen.kt:406)
	at org.jetbrains.kotlin.backend.jvm.codegen.ClassCodegen.generateMethod(ClassCodegen.kt:423)
	at org.jetbrains.kotlin.backend.jvm.codegen.ClassCodegen.generate(ClassCodegen.kt:168)
	at org.jetbrains.kotlin.backend.jvm.FileCodegen.lower(JvmPhases.kt:39)
	at org.jetbrains.kotlin.backend.common.phaser.PhaseFactoriesKt.createFilePhase$lambda$4(PhaseFactories.kt:71)
	at org.jetbrains.kotlin.backend.common.phaser.PhaseBuildersKt$createSimpleNamedCompilerPhase$1.phaseBody(PhaseBuilders.kt:69)
	at org.jetbrains.kotlin.backend.common.phaser.SimpleNamedCompilerPhase.phaseBody(CompilerPhase.kt:226)
	at org.jetbrains.kotlin.backend.common.phaser.AbstractNamedCompilerPhase.invoke(CompilerPhase.kt:113)
	at org.jetbrains.kotlin.backend.common.phaser.PerformByIrFilePhase.invokeSequential(performByIrFile.kt:62)
	... 43 more
Caused by: org.jetbrains.kotlin.codegen.CompilationException: Back-end (JVM) Internal error: Couldn't inline method call: CALL 'public final fun <get-current> (): T of androidx.compose.runtime.CompositionLocal [inline] declared in androidx.compose.runtime.CompositionLocal' type=android.content.Context origin=GET_PROPERTY
Method: null
File is unknown
The root cause java.lang.IllegalStateException was thrown at: org.jetbrains.kotlin.codegen.inline.SourceCompilerForInlineKt.getMethodNode(SourceCompilerForInline.kt:118)
	at org.jetbrains.kotlin.codegen.inline.InlineCodegen.performInline(InlineCodegen.kt:65)
	at org.jetbrains.kotlin.backend.jvm.codegen.IrInlineCodegen.genInlineCall(IrInlineCodegen.kt:163)
	at org.jetbrains.kotlin.backend.jvm.codegen.IrInlineCallGenerator.genCall(IrInlineCallGenerator.kt:36)
	at org.jetbrains.kotlin.backend.jvm.codegen.ExpressionCodegen.visitCall(ExpressionCodegen.kt:653)
	at org.jetbrains.kotlin.backend.jvm.codegen.ExpressionCodegen.visitCall(ExpressionCodegen.kt:138)
	at org.jetbrains.kotlin.ir.expressions.IrCall.accept(IrCall.kt:24)
	at org.jetbrains.kotlin.backend.jvm.codegen.ExpressionCodegen.visitVariable(ExpressionCodegen.kt:790)
	at org.jetbrains.kotlin.backend.jvm.codegen.ExpressionCodegen.visitVariable(ExpressionCodegen.kt:138)
	at org.jetbrains.kotlin.ir.declarations.IrVariable.accept(IrVariable.kt:36)
	at org.jetbrains.kotlin.backend.jvm.codegen.ExpressionCodegen.visitStatementContainer(ExpressionCodegen.kt:579)
	at org.jetbrains.kotlin.backend.jvm.codegen.ExpressionCodegen.visitBlockBody(ExpressionCodegen.kt:584)
	at org.jetbrains.kotlin.backend.jvm.codegen.ExpressionCodegen.visitBlockBody(ExpressionCodegen.kt:138)
	at org.jetbrains.kotlin.ir.expressions.IrBlockBody.accept(IrBlockBody.kt:20)
	at org.jetbrains.kotlin.backend.jvm.codegen.ExpressionCodegen.generate(ExpressionCodegen.kt:240)
	at org.jetbrains.kotlin.backend.jvm.codegen.FunctionCodegen.doGenerate(FunctionCodegen.kt:123)
	at org.jetbrains.kotlin.backend.jvm.codegen.FunctionCodegen.generate(FunctionCodegen.kt:44)
	... 53 more
Caused by: java.lang.IllegalStateException: couldn't find inline method Landroidx/compose/runtime/CompositionLocal;.getCurrent()Ljava/lang/Object;
	at org.jetbrains.kotlin.codegen.inline.SourceCompilerForInlineKt.getMethodNode(SourceCompilerForInline.kt:118)
	at org.jetbrains.kotlin.codegen.inline.SourceCompilerForInlineKt.loadCompiledInlineFunction(SourceCompilerForInline.kt:96)
	at org.jetbrains.kotlin.backend.jvm.codegen.IrSourceCompilerForInline.compileInlineFunction(IrSourceCompilerForInline.kt:91)
	at org.jetbrains.kotlin.codegen.inline.InlineCodegen.compileInline(InlineCodegen.kt:43)
	at org.jetbrains.kotlin.codegen.inline.InlineCodegen.performInline(InlineCodegen.kt:51)
	... 68 more


